<?xml version="1.0" encoding="UTF-8"?>
<!-- Generated by org.testng.reporters.JUnitReportReporter -->
<testsuite skipped="0" hostname="DESKTOP-6GCA1AB" name="com.ftTest.LoginFT" tests="1" failures="0" timestamp="25 Apr 2018 11:06:08 GMT" time="8.915" errors="0">
  <testcase name="loginFT" time="8.915" classname="com.ftTest.LoginFT"/>
</testsuite> <!-- com.ftTest.LoginFT -->
