<?xml version="1.0" encoding="UTF-8"?>
<!-- Generated by org.testng.reporters.JUnitReportReporter -->
<testsuite skipped="1" hostname="DESKTOP-6GCA1AB" name="com.ftTest.Proposal" tests="1" failures="0" timestamp="25 Apr 2018 09:21:46 GMT" time="0.000" errors="0">
  <testcase name="proposal" time="0.000" classname="com.ftTest.Proposal">
    <skipped/>
  </testcase> <!-- proposal -->
</testsuite> <!-- com.ftTest.Proposal -->
