<?xml version="1.0" encoding="UTF-8"?>
<!-- Generated by org.testng.reporters.JUnitReportReporter -->
<testsuite skipped="0" hostname="Ashok-Work-Place" name="com.ftTest.Proposal" tests="4" failures="0" timestamp="08 Apr 2018 17:19:38 GMT" time="72.755" errors="0">
  <testcase name="proposal" time="0.000" classname="com.ftTest.Proposal"/>
  <testcase name="proposal" time="72.754" classname="com.ftTest.Proposal"/>
  <testcase name="proposal" time="0.000" classname="com.ftTest.Proposal"/>
  <testcase name="proposal" time="0.001" classname="com.ftTest.Proposal"/>
</testsuite> <!-- com.ftTest.Proposal -->
