<?xml version="1.0" encoding="UTF-8"?>
<!-- Generated by org.testng.reporters.JUnitReportReporter -->
<testsuite skipped="0" hostname="Ashok-Work-Place" name="com.ftTest.LoginFT" tests="1" failures="0" timestamp="08 Apr 2018 17:19:38 GMT" time="6.404" errors="0">
  <testcase name="loginFT" time="6.404" classname="com.ftTest.LoginFT"/>
</testsuite> <!-- com.ftTest.LoginFT -->
